<?xml version="1.0" encoding="UTF-8"?>
<testng-results skipped="0" failed="0" ignored="0" total="1" passed="1">
  <reporter-output>
  </reporter-output>
  <suite name="com.learning.SampleTest" duration-ms="67" started-at="2021-05-24T05:57:12Z" finished-at="2021-05-24T05:57:12Z">
    <groups>
    </groups>
    <test name="Command line test" duration-ms="67" started-at="2021-05-24T05:57:12Z" finished-at="2021-05-24T05:57:12Z">
      <class name="com.learning.SampleTest">
        <test-method status="PASS" signature="testProgram()[pri:0, instance:com.learning.SampleTest@c818063]" name="testProgram" duration-ms="20" started-at="2021-05-24T05:57:12Z" finished-at="2021-05-24T05:57:12Z">
          <reporter-output>
          </reporter-output>
        </test-method> <!-- testProgram -->
      </class> <!-- com.learning.SampleTest -->
    </test> <!-- Command line test -->
  </suite> <!-- com.learning.SampleTest -->
</testng-results>
